# JRE version: OpenJDK Runtime Environment Temurin-17.0.1+12 (17.0.1+12) (build 17.0.1+12)
# Java VM: OpenJDK 64-Bit Server VM Temurin-17.0.1+12 (17.0.1+12, mixed mode, tiered, compressed oops, compressed class ptrs, g1 gc, windows-amd64)
GC Precious Log:
 CPUs: 4 total, 4 available
 Memory: 4011M
 Large Page Support: Disabled
 NUMA Support: Disabled
 Compressed Oops: Enabled (Zero based)
 Heap Region Size: 2M
 Heap Min Capacity: 8M
 Heap Initial Capacity: 64M
 Heap Max Capacity: 4000M
 Pre-touch: Disabled
 Parallel Workers: 4
 Concurrent Workers: 1
 Concurrent Refinement Workers: 4
 Periodic GC: Disabled
Heap:
 garbage-first heap   total 526336K, used 348556K [0x0000000706000000, 0x0000000800000000)
  region size 2048K, 7 young (14336K), 6 survivors (12288K)
 Metaspace       used 17545K, committed 17728K, reserved 1064960K
  class space    used 1714K, committed 1792K, reserved 1048576K
GC Heap History (20 events):
Event: 71.698 GC heap before
{Heap before GC invocations=41 (full 0):
 garbage-first heap   total 337920K, used 245518K [0x0000000706000000, 0x0000000800000000)
  region size 2048K, 27 young (55296K), 4 survivors (8192K)
 Metaspace       used 17460K, committed 17664K, reserved 1064960K
  class space    used 1714K, committed 1792K, reserved 1048576K
}
Event: 71.705 GC heap after
{Heap after GC invocations=42 (full 0):
 garbage-first heap   total 337920K, used 211509K [0x0000000706000000, 0x0000000800000000)
  region size 2048K, 4 young (8192K), 4 survivors (8192K)
 Metaspace       used 17460K, committed 17664K, reserved 1064960K
  class space    used 1714K, committed 1792K, reserved 1048576K
}
Event: 75.994 GC heap before
{Heap before GC invocations=42 (full 0):
 garbage-first heap   total 337920K, used 268853K [0x0000000706000000, 0x0000000800000000)
  region size 2048K, 32 young (65536K), 4 survivors (8192K)
 Metaspace       used 17503K, committed 17728K, reserved 1064960K
  class space    used 1714K, committed 1792K, reserved 1048576K
}
Event: 76.001 GC heap after
{Heap after GC invocations=43 (full 0):
 garbage-first heap   total 337920K, used 224582K [0x0000000706000000, 0x0000000800000000)
  region size 2048K, 4 young (8192K), 4 survivors (8192K)
 Metaspace       used 17503K, committed 17728K, reserved 1064960K
  class space    used 1714K, committed 1792K, reserved 1048576K
}
Event: 79.394 GC heap before
{Heap before GC invocations=44 (full 0):
 garbage-first heap   total 378880K, used 269638K [0x0000000706000000, 0x0000000800000000)
  region size 2048K, 27 young (55296K), 4 survivors (8192K)
 Metaspace       used 17506K, committed 17728K, reserved 1064960K
  class space    used 1714K, committed 1792K, reserved 1048576K
}
Event: 79.401 GC heap after
{Heap after GC invocations=45 (full 0):
 garbage-first heap   total 378880K, used 235689K [0x0000000706000000, 0x0000000800000000)
  region size 2048K, 4 young (8192K), 4 survivors (8192K)
 Metaspace       used 17506K, committed 17728K, reserved 1064960K
  class space    used 1714K, committed 1792K, reserved 1048576K
}
Event: 84.211 GC heap before
{Heap before GC invocations=45 (full 0):
 garbage-first heap   total 378880K, used 301225K [0x0000000706000000, 0x0000000800000000)
  region size 2048K, 36 young (73728K), 4 survivors (8192K)
 Metaspace       used 17508K, committed 17728K, reserved 1064960K
  class space    used 1714K, committed 1792K, reserved 1048576K
}
Event: 84.219 GC heap after
{Heap after GC invocations=46 (full 0):
 garbage-first heap   total 378880K, used 250812K [0x0000000706000000, 0x0000000800000000)
  region size 2048K, 5 young (10240K), 5 survivors (10240K)
 Metaspace       used 17508K, committed 17728K, reserved 1064960K
  class space    used 1714K, committed 1792K, reserved 1048576K
}
Event: 88.131 GC heap before
{Heap before GC invocations=47 (full 0):
 garbage-first heap   total 423936K, used 304060K [0x0000000706000000, 0x0000000800000000)
  region size 2048K, 31 young (63488K), 5 survivors (10240K)
 Metaspace       used 17510K, committed 17728K, reserved 1064960K
  class space    used 1714K, committed 1792K, reserved 1048576K
}
Event: 88.139 GC heap after
{Heap after GC invocations=48 (full 0):
 garbage-first heap   total 423936K, used 263100K [0x0000000706000000, 0x0000000800000000)
  region size 2048K, 4 young (8192K), 4 survivors (8192K)
 Metaspace       used 17510K, committed 17728K, reserved 1064960K
  class space    used 1714K, committed 1792K, reserved 1048576K
}
Event: 93.471 GC heap before
{Heap before GC invocations=48 (full 0):
 garbage-first heap   total 423936K, used 334780K [0x0000000706000000, 0x0000000800000000)
  region size 2048K, 39 young (79872K), 4 survivors (8192K)
 Metaspace       used 17533K, committed 17728K, reserved 1064960K
  class space    used 1714K, committed 1792K, reserved 1048576K
}
Event: 93.483 GC heap after
{Heap after GC invocations=49 (full 0):
 garbage-first heap   total 423936K, used 279880K [0x0000000706000000, 0x0000000800000000)
  region size 2048K, 5 young (10240K), 5 survivors (10240K)
 Metaspace       used 17533K, committed 17728K, reserved 1064960K
  class space    used 1714K, committed 1792K, reserved 1048576K
}
Event: 98.029 GC heap before
{Heap before GC invocations=50 (full 0):
 garbage-first heap   total 471040K, used 341320K [0x0000000706000000, 0x0000000800000000)
  region size 2048K, 35 young (71680K), 5 survivors (10240K)
 Metaspace       used 17533K, committed 17728K, reserved 1064960K
  class space    used 1714K, committed 1792K, reserved 1048576K
}
Event: 98.039 GC heap after
{Heap after GC invocations=51 (full 0):
 garbage-first heap   total 471040K, used 293877K [0x0000000706000000, 0x0000000800000000)
  region size 2048K, 5 young (10240K), 5 survivors (10240K)
 Metaspace       used 17533K, committed 17728K, reserved 1064960K
  class space    used 1714K, committed 1792K, reserved 1048576K
}
Event: 103.900 GC heap before
{Heap before GC invocations=51 (full 0):
 garbage-first heap   total 471040K, used 373749K [0x0000000706000000, 0x0000000800000000)
  region size 2048K, 44 young (90112K), 5 survivors (10240K)
 Metaspace       used 17533K, committed 17728K, reserved 1064960K
  class space    used 1714K, committed 1792K, reserved 1048576K
}
Event: 103.912 GC heap after
{Heap after GC invocations=52 (full 0):
 garbage-first heap   total 471040K, used 312871K [0x0000000706000000, 0x0000000800000000)
  region size 2048K, 6 young (12288K), 6 survivors (12288K)
 Metaspace       used 17533K, committed 17728K, reserved 1064960K
  class space    used 1714K, committed 1792K, reserved 1048576K
}
Event: 108.607 GC heap before
{Heap before GC invocations=53 (full 0):
 garbage-first heap   total 526336K, used 378407K [0x0000000706000000, 0x0000000800000000)
  region size 2048K, 38 young (77824K), 6 survivors (12288K)
 Metaspace       used 17534K, committed 17728K, reserved 1064960K
  class space    used 1714K, committed 1792K, reserved 1048576K
}
Event: 108.617 GC heap after
{Heap after GC invocations=54 (full 0):
 garbage-first heap   total 526336K, used 328074K [0x0000000706000000, 0x0000000800000000)
  region size 2048K, 5 young (10240K), 5 survivors (10240K)
 Metaspace       used 17534K, committed 17728K, reserved 1064960K
  class space    used 1714K, committed 1792K, reserved 1048576K
}
Event: 115.123 GC heap before
{Heap before GC invocations=54 (full 0):
 garbage-first heap   total 526336K, used 416138K [0x0000000706000000, 0x0000000800000000)
  region size 2048K, 48 young (98304K), 5 survivors (10240K)
 Metaspace       used 17545K, committed 17728K, reserved 1064960K
  class space    used 1714K, committed 1792K, reserved 1048576K
}
Event: 115.138 GC heap after
{Heap after GC invocations=55 (full 0):
 garbage-first heap   total 526336K, used 348556K [0x0000000706000000, 0x0000000800000000)
  region size 2048K, 6 young (12288K), 6 survivors (12288K)
 Metaspace       used 17545K, committed 17728K, reserved 1064960K
  class space    used 1714K, committed 1792K, reserved 1048576K
}

